May-01 05:13:30.723 [main] DEBUG nextflow.cli.Launcher - $> nextflow run main.nf
May-01 05:13:31.049 [main] DEBUG nextflow.cli.CmdRun - N E X T F L O W  ~  version 25.10.4
May-01 05:13:31.109 [main] DEBUG nextflow.plugin.PluginsFacade - Setting up plugin manager > mode=prod; embedded=false; plugins-dir=/home/naamna-modi/.nextflow/plugins; core-plugins: nf-amazon@3.4.4,nf-azure@1.20.2,nf-cloudcache@0.5.0,nf-codecommit@0.5.0,nf-console@1.3.0,nf-google@1.23.5,nf-k8s@1.2.2,nf-tower@1.17.5,nf-wave@1.16.1
May-01 05:13:31.172 [main] INFO  o.pf4j.DefaultPluginStatusProvider - Enabled plugins: []
May-01 05:13:31.174 [main] INFO  o.pf4j.DefaultPluginStatusProvider - Disabled plugins: []
May-01 05:13:31.183 [main] INFO  org.pf4j.DefaultPluginManager - PF4J version 3.12.0 in 'deployment' mode
May-01 05:13:31.228 [main] DEBUG nextflow.util.RetryConfig - Missing nextflow session - using default retry config
May-01 05:13:31.638 [main] INFO  org.pf4j.AbstractPluginManager - No plugins
May-01 05:13:31.737 [main] DEBUG nextflow.config.ConfigBuilder - Found config local: /home/naamna-modi/homework2/analysiskmeans/nextflow/nextflow.config
May-01 05:13:31.748 [main] DEBUG nextflow.config.ConfigBuilder - Parsing config file: /home/naamna-modi/homework2/analysiskmeans/nextflow/nextflow.config
May-01 05:13:31.761 [main] DEBUG nextflow.config.ConfigParserFactory - Using config parser v2
May-01 05:13:31.822 [main] DEBUG nextflow.config.ConfigBuilder - Applying config profile: `standard`
May-01 05:13:32.969 [main] DEBUG nextflow.plugin.PluginsFacade - Plugins default=[]
May-01 05:13:32.971 [main] DEBUG nextflow.plugin.PluginsFacade - Plugins resolved requirement=[]
May-01 05:13:33.037 [main] DEBUG n.secret.LocalSecretsProvider - Secrets store: /home/naamna-modi/.nextflow/secrets/store.json
May-01 05:13:33.044 [main] DEBUG nextflow.secret.SecretsLoader - Discovered secrets providers: [nextflow.secret.LocalSecretsProvider@2370ac7a] - activable => nextflow.secret.LocalSecretsProvider@2370ac7a
May-01 05:13:33.085 [main] DEBUG nextflow.cli.CmdRun - Applied DSL=2 by global default
May-01 05:13:33.134 [main] DEBUG nextflow.cli.CmdRun - Launching `main.nf` [crazy_curran] DSL2 - revision: 855969c76a
May-01 05:13:33.454 [main] DEBUG nextflow.Session - Session UUID: 60b259fb-7330-4e61-aa76-88103bf08715
May-01 05:13:33.456 [main] DEBUG nextflow.Session - Run name: crazy_curran
May-01 05:13:33.457 [main] DEBUG nextflow.Session - Executor pool size: 4
May-01 05:13:33.488 [main] DEBUG nextflow.file.FilePorter - File porter settings maxRetries=3; maxTransfers=50; pollTimeout=null
May-01 05:13:33.509 [main] DEBUG nextflow.util.ThreadPoolBuilder - Creating thread pool 'FileTransfer' minSize=10; maxSize=12; workQueue=LinkedBlockingQueue[-1]; allowCoreThreadTimeout=false
May-01 05:13:33.580 [main] DEBUG nextflow.cli.CmdRun - 
  Version: 25.10.4 build 11173
  Created: 10-02-2026 15:17 UTC 
  System: Linux 6.17.0-1011-azure
  Runtime: Groovy 4.0.28 on OpenJDK 64-Bit Server VM 21.0.10+7-Ubuntu-124.04
  Encoding: UTF-8 (UTF-8)
  Process: 1686778@sciapp-students [10.2.0.4]
  CPUs: 4 - Mem: 15.6 GB (1.6 GB) - Swap: 0 (0)
May-01 05:13:33.638 [main] DEBUG nextflow.Session - Work-dir: /home/naamna-modi/homework2/analysiskmeans/nextflow/work [ext2/ext3]
May-01 05:13:33.639 [main] DEBUG nextflow.Session - Script base path does not exist or is not a directory: /home/naamna-modi/homework2/analysiskmeans/nextflow/bin
May-01 05:13:33.668 [main] DEBUG nextflow.executor.ExecutorFactory - Extension executors providers=[]
May-01 05:13:33.700 [main] DEBUG nextflow.Session - Observer factory (v2): LinObserverFactory
May-01 05:13:33.707 [main] DEBUG nextflow.Session - Observer factory (v2): DefaultObserverFactory
May-01 05:13:33.801 [main] DEBUG nextflow.cache.CacheFactory - Using Nextflow cache factory: nextflow.cache.DefaultCacheFactory
May-01 05:13:33.830 [main] DEBUG nextflow.util.CustomThreadPool - Creating default thread pool > poolSize: 5; maxThreads: 1000
May-01 05:13:34.014 [main] DEBUG nextflow.Session - Session start
May-01 05:13:34.029 [main] DEBUG nextflow.script.ScriptLoaderFactory - Using script parser v2
May-01 05:13:34.870 [main] DEBUG nextflow.script.ScriptRunner - > Launching execution
May-01 05:13:35.246 [main] DEBUG nextflow.executor.ExecutorFactory - << taskConfig executor: null
May-01 05:13:35.247 [main] DEBUG nextflow.executor.ExecutorFactory - >> processorType: 'local'
May-01 05:13:35.277 [main] DEBUG nextflow.executor.Executor - [warm up] executor > local
May-01 05:13:35.305 [main] DEBUG n.processor.LocalPollingMonitor - Creating local task monitor for executor 'local' > cpus=4; memory=15.6 GB; capacity=4; pollInterval=100ms; dumpInterval=5m
May-01 05:13:35.314 [main] DEBUG n.processor.TaskPollingMonitor - >>> barrier register (monitor: local)
May-01 05:13:35.416 [main] DEBUG nextflow.processor.TaskProcessor - Creating process 'kmeans_elbow': maxForks=0; fair=false; array=0
May-01 05:13:35.550 [main] DEBUG nextflow.executor.ExecutorFactory - << taskConfig executor: null
May-01 05:13:35.550 [main] DEBUG nextflow.executor.ExecutorFactory - >> processorType: 'local'
May-01 05:13:35.554 [main] DEBUG nextflow.processor.TaskProcessor - Creating process 'kmeans_clustering': maxForks=0; fair=false; array=0
May-01 05:13:35.571 [main] DEBUG nextflow.Session - Workflow process names [dsl2]: kmeans_elbow, kmeans_clustering
May-01 05:13:35.579 [main] DEBUG nextflow.Session - Igniting dataflow network (5)
May-01 05:13:35.600 [main] DEBUG nextflow.processor.TaskProcessor - Starting process > kmeans_elbow
May-01 05:13:35.605 [main] DEBUG nextflow.processor.TaskProcessor - Starting process > kmeans_clustering
May-01 05:13:35.607 [main] DEBUG nextflow.script.ScriptRunner - Parsed script files:
  _nf_script_eb0a1078c0ba6052: /home/naamna-modi/homework2/analysiskmeans/nextflow/modules/kmeans_clustering.nf
  Main: /home/naamna-modi/homework2/analysiskmeans/nextflow/main.nf
May-01 05:13:35.610 [main] DEBUG nextflow.script.ScriptRunner - > Awaiting termination 
May-01 05:13:35.610 [main] DEBUG nextflow.Session - Session await
May-01 05:13:36.274 [Task submitter] DEBUG n.executor.local.LocalTaskHandler - Launch cmd line: /bin/bash -ue .command.run
May-01 05:13:36.281 [Task submitter] INFO  nextflow.Session - [57/9af0e3] Submitted process > kmeans_clustering (1)
May-01 05:13:36.326 [Task submitter] DEBUG n.executor.local.LocalTaskHandler - Launch cmd line: /bin/bash -ue .command.run
May-01 05:13:36.328 [Task submitter] INFO  nextflow.Session - [eb/1f32fe] Submitted process > kmeans_elbow (1)
May-01 05:13:53.656 [Task monitor] DEBUG n.processor.TaskPollingMonitor - Task completed > TaskHandler[id: 1; name: kmeans_elbow (1); status: COMPLETED; exit: 0; error: -; workDir: /home/naamna-modi/homework2/analysiskmeans/nextflow/work/eb/1f32fe33116bf43e33d4249070ef38]
May-01 05:13:53.658 [Task monitor] DEBUG nextflow.util.ThreadPoolBuilder - Creating thread pool 'TaskFinalizer' minSize=10; maxSize=12; workQueue=LinkedBlockingQueue[-1]; allowCoreThreadTimeout=false
May-01 05:13:53.726 [TaskFinalizer-1] DEBUG nextflow.util.ThreadPoolBuilder - Creating thread pool 'PublishDir' minSize=10; maxSize=12; workQueue=LinkedBlockingQueue[-1]; allowCoreThreadTimeout=false
May-01 05:13:54.616 [Task monitor] DEBUG n.processor.TaskPollingMonitor - Task completed > TaskHandler[id: 2; name: kmeans_clustering (1); status: COMPLETED; exit: 0; error: -; workDir: /home/naamna-modi/homework2/analysiskmeans/nextflow/work/57/9af0e3009f10063989aa434651f119]
May-01 05:13:54.624 [main] DEBUG nextflow.Session - Session await > all processes finished
May-01 05:13:54.717 [Task monitor] DEBUG n.processor.TaskPollingMonitor - <<< barrier arrives (monitor: local) - terminating tasks monitor poll loop
May-01 05:13:54.717 [main] DEBUG nextflow.Session - Session await > all barriers passed
May-01 05:13:54.726 [main] DEBUG nextflow.util.ThreadPoolManager - Thread pool 'TaskFinalizer' shutdown completed (hard=false)
May-01 05:13:54.728 [main] DEBUG nextflow.util.ThreadPoolManager - Thread pool 'PublishDir' shutdown completed (hard=false)
May-01 05:13:54.742 [main] DEBUG n.trace.WorkflowStatsObserver - Workflow completed > WorkflowStats[succeededCount=2; failedCount=0; ignoredCount=0; cachedCount=0; pendingCount=0; submittedCount=0; runningCount=0; retriesCount=0; abortedCount=0; succeedDuration=35.5s; failedDuration=0ms; cachedDuration=0ms;loadCpus=0; loadMemory=0; peakRunning=2; peakCpus=2; peakMemory=0; ]
May-01 05:13:54.832 [main] DEBUG nextflow.cache.CacheDB - Closing CacheDB done
May-01 05:13:54.872 [main] DEBUG nextflow.util.ThreadPoolManager - Thread pool 'FileTransfer' shutdown completed (hard=false)
May-01 05:13:54.874 [main] DEBUG nextflow.script.ScriptRunner - > Execution complete -- Goodbye
